<?xml version="1.0" encoding="UTF-8"?>
<!-- Generated by org.testng.reporters.JUnitXMLReporter -->
<testsuite ignored="18" hostname="DESKTOP-NH1NC1V" failures="2" tests="17" name="TestALL" time="208.697" errors="0" timestamp="2025-06-05T00:59:28 IST">
  <testcase classname="com.mystore.testcases.TestCaseTest" name="verifyTestCasePage" time="1.701"/>
  <testcase classname="com.mystore.testcases.LoginTest" name="Login" time="4.758"/>
  <testcase classname="com.mystore.testcases.LoginTest" name="existingEmailSignUp" time="2.37"/>
  <testcase classname="com.mystore.testcases.LoginTest" name="invalidLogin" time="2.668"/>
  <testcase classname="com.mystore.testcases.LoginTest" name="invalidLogin" time="2.813"/>
  <testcase classname="com.mystore.testcases.LoginTest" name="invalidLogin" time="2.98"/>
  <testcase classname="com.mystore.testcases.LoginTest" name="invalidLogin" time="2.563"/>
  <testcase classname="com.mystore.testcases.PlaceOrderTest" name="placeOrder" time="56.936">
    <failure type="org.openqa.selenium.InvalidSelectorException" message="Compound class names not permitted
For documentation on this error, please visit: https://www.selenium.dev/documentation/webdriver/troubleshooting/errors#invalid-selector-exception
Build info: version: &amp;apos;4.32.0&amp;apos;, revision: &amp;apos;d17c8aa950&amp;apos;
System info: os.name: &amp;apos;Windows 10&amp;apos;, os.arch: &amp;apos;amd64&amp;apos;, os.version: &amp;apos;10.0&amp;apos;, java.version: &amp;apos;21.0.5&amp;apos;
Driver info: driver.version: unknown">
      <![CDATA[org.openqa.selenium.InvalidSelectorException: Compound class names not permitted
For documentation on this error, please visit: https://www.selenium.dev/documentation/webdriver/troubleshooting/errors#invalid-selector-exception
Build info: version: '4.32.0', revision: 'd17c8aa950'
System info: os.name: 'Windows 10', os.arch: 'amd64', os.version: '10.0', java.version: '21.0.5'
Driver info: driver.version: unknown
at org.openqa.selenium.By$ByClassName.<init>(By.java:309)
at org.openqa.selenium.By.className(By.java:100)
at org.openqa.selenium.support.AbstractFindByBuilder.buildByFromShortFindBy(AbstractFindByBuilder.java:42)
at org.openqa.selenium.support.FindBy$FindByBuilder.buildIt(FindBy.java:83)
at org.openqa.selenium.support.pagefactory.Annotations.buildBy(Annotations.java:82)
at org.openqa.selenium.support.pagefactory.DefaultElementLocator.<init>(DefaultElementLocator.java:58)
at org.openqa.selenium.support.pagefactory.DefaultElementLocator.<init>(DefaultElementLocator.java:46)
at org.openqa.selenium.support.pagefactory.DefaultElementLocatorFactory.createLocator(DefaultElementLocatorFactory.java:32)
at org.openqa.selenium.support.pagefactory.DefaultFieldDecorator.decorate(DefaultFieldDecorator.java:55)
at org.openqa.selenium.support.PageFactory.proxyFields(PageFactory.java:109)
at org.openqa.selenium.support.PageFactory.initElements(PageFactory.java:101)
at org.openqa.selenium.support.PageFactory.initElements(PageFactory.java:88)
at org.openqa.selenium.support.PageFactory.initElements(PageFactory.java:76)
at com.mystore.pageobjects.PaymentPage.<init>(PaymentPage.java:35)
at com.mystore.pageobjects.CheckOutPage.clickOnPlaceOrderBtn(CheckOutPage.java:37)
at com.mystore.testcases.PlaceOrderTest.placeOrder(PlaceOrderTest.java:91)
at java.base/java.util.ArrayList.forEach(ArrayList.java:1596)
... Removed 25 stack frames]]>
    </failure>
  </testcase> <!-- placeOrder -->
  <testcase classname="com.mystore.testcases.HomeTest" name="homePageSubscription" time="0.695"/>
  <testcase classname="com.mystore.testcases.ContactUsTest" name="contactUsFormSubmit" time="4.287"/>
  <testcase classname="com.mystore.testcases.SearchTest" name="searchProduct" time="3.575"/>
  <testcase classname="com.mystore.testcases.CartTest" name="addProductsToCart" time="6.147"/>
  <testcase classname="com.mystore.testcases.CartTest" name="subscriptionToMailFromCartPage" time="2.001"/>
  <testcase classname="com.mystore.testcases.CartTest" name="verifyQuantityFromCart" time="28.031">
    <failure type="java.lang.AssertionError" message="expected [true] but found [false]">
      <![CDATA[java.lang.AssertionError: expected [true] but found [false]
at com.mystore.testcases.CartTest.verifyQuantityFromCart(CartTest.java:97)
at java.base/java.util.ArrayList.forEach(ArrayList.java:1596)
... Removed 29 stack frames]]>
    </failure>
  </testcase> <!-- verifyQuantityFromCart -->
  <testcase classname="com.mystore.testcases.ProductTest" name="productDetailsValidation" time="6.096"/>
  <testcase classname="com.mystore.testcases.SignUpTest" name="registerUser" time="10.379"/>
  <testcase classname="com.mystore.testcases.LogOutTest" name="logout" time="3.004"/>
  <testcase classname="com.mystore.base.BaseClass" name="@BeforeTest loaddata" time="0.0">
    <ignored/>
  </testcase> <!-- @BeforeTest loaddata -->
  <testcase classname="com.mystore.base.BaseClass" name="@BeforeTest loaddata" time="0.0">
    <ignored/>
  </testcase> <!-- @BeforeTest loaddata -->
  <testcase classname="com.mystore.base.BaseClass" name="@BeforeTest loaddata" time="0.0">
    <ignored/>
  </testcase> <!-- @BeforeTest loaddata -->
  <testcase classname="com.mystore.base.BaseClass" name="@BeforeTest loaddata" time="0.0">
    <ignored/>
  </testcase> <!-- @BeforeTest loaddata -->
  <testcase classname="com.mystore.base.BaseClass" name="@BeforeSuite beforeSuite" time="0.0">
    <ignored/>
  </testcase> <!-- @BeforeSuite beforeSuite -->
  <testcase classname="com.mystore.base.BaseClass" name="@BeforeSuite beforeSuite" time="0.0">
    <ignored/>
  </testcase> <!-- @BeforeSuite beforeSuite -->
  <testcase classname="com.mystore.base.BaseClass" name="@BeforeTest loaddata" time="0.0">
    <ignored/>
  </testcase> <!-- @BeforeTest loaddata -->
  <testcase classname="com.mystore.base.BaseClass" name="@BeforeTest loaddata" time="0.0">
    <ignored/>
  </testcase> <!-- @BeforeTest loaddata -->
  <testcase classname="com.mystore.base.BaseClass" name="@BeforeSuite beforeSuite" time="0.0">
    <ignored/>
  </testcase> <!-- @BeforeSuite beforeSuite -->
  <testcase classname="com.mystore.base.BaseClass" name="@BeforeSuite beforeSuite" time="0.0">
    <ignored/>
  </testcase> <!-- @BeforeSuite beforeSuite -->
  <testcase classname="com.mystore.base.BaseClass" name="@BeforeSuite beforeSuite" time="0.0">
    <ignored/>
  </testcase> <!-- @BeforeSuite beforeSuite -->
  <testcase classname="com.mystore.base.BaseClass" name="@BeforeSuite beforeSuite" time="0.0">
    <ignored/>
  </testcase> <!-- @BeforeSuite beforeSuite -->
  <testcase classname="com.mystore.base.BaseClass" name="@BeforeTest loaddata" time="0.0">
    <ignored/>
  </testcase> <!-- @BeforeTest loaddata -->
  <testcase classname="com.mystore.base.BaseClass" name="@BeforeTest loaddata" time="0.0">
    <ignored/>
  </testcase> <!-- @BeforeTest loaddata -->
  <testcase classname="com.mystore.base.BaseClass" name="@BeforeTest loaddata" time="0.0">
    <ignored/>
  </testcase> <!-- @BeforeTest loaddata -->
  <testcase classname="com.mystore.base.BaseClass" name="@BeforeSuite beforeSuite" time="0.0">
    <ignored/>
  </testcase> <!-- @BeforeSuite beforeSuite -->
  <testcase classname="com.mystore.base.BaseClass" name="@BeforeSuite beforeSuite" time="0.0">
    <ignored/>
  </testcase> <!-- @BeforeSuite beforeSuite -->
  <testcase classname="com.mystore.base.BaseClass" name="@BeforeSuite beforeSuite" time="0.0">
    <ignored/>
  </testcase> <!-- @BeforeSuite beforeSuite -->
</testsuite> <!-- TestALL -->
